<?xml version="1.0" encoding="UTF-8"?>
<!-- Generated by org.testng.reporters.JUnitReportReporter -->
<testsuite hostname="KSPL-001" failures="0" tests="1" name="testCases.TC006_LogoutTest" time="14.205" errors="0" timestamp="2025-02-21T15:01:15 IST" skipped="0">
  <testcase classname="testCases.TC006_LogoutTest" name="Verify_Logout" time="14.205"/>
</testsuite> <!-- testCases.TC006_LogoutTest -->
