<?xml version="1.0" encoding="UTF-8"?>
<!-- Generated by org.testng.reporters.JUnitReportReporter -->
<testsuite hostname="KSPL-001" failures="0" tests="1" name="testCases.TC007_LogoutTest" time="11.783" errors="0" timestamp="2025-03-04T15:32:30 IST" skipped="0">
  <testcase classname="testCases.TC007_LogoutTest" name="Verify_Logout" time="11.783"/>
</testsuite> <!-- testCases.TC007_LogoutTest -->
