<?xml version="1.0" encoding="UTF-8"?>
<!-- Generated by org.testng.reporters.JUnitReportReporter -->
<testsuite hostname="KSPL-001" failures="0" tests="1" name="testCases.TC001_LoginTest" time="10.374" errors="0" timestamp="2025-02-28T10:35:00 IST" skipped="0">
  <testcase classname="testCases.TC001_LoginTest" name="verify_login" time="10.374"/>
</testsuite> <!-- testCases.TC001_LoginTest -->
