<?xml version="1.0" encoding="UTF-8"?>
<!-- Generated by org.testng.reporters.JUnitReportReporter -->
<testsuite hostname="KSPL-001" failures="0" tests="1" name="testCases.TC005_SearchUserTest" time="14.832" errors="0" timestamp="2025-02-21T14:58:04 IST" skipped="0">
  <testcase classname="testCases.TC005_SearchUserTest" name="verify_SearchUsersResult" time="14.832"/>
</testsuite> <!-- testCases.TC005_SearchUserTest -->
