<?xml version="1.0" encoding="UTF-8"?>
<!-- Generated by org.testng.reporters.JUnitReportReporter -->
<testsuite hostname="KSPL-001" failures="0" tests="1" name="testCases.TC001_LoginTest" time="11.539" errors="0" timestamp="2025-03-03T11:28:45 IST" skipped="0">
  <testcase classname="testCases.TC001_LoginTest" name="verify_login" time="11.539"/>
</testsuite> <!-- testCases.TC001_LoginTest -->
