<?xml version="1.0" encoding="UTF-8"?>
<!-- Generated by org.testng.reporters.JUnitReportReporter -->
<testsuite hostname="KSPL-001" failures="0" tests="1" name="testCases.TC004_ProfileUpdateTest" time="25.095" errors="0" timestamp="2025-02-24T11:09:31 IST" skipped="0">
  <testcase classname="testCases.TC004_ProfileUpdateTest" name="verify_profileUpdate" time="25.095"/>
</testsuite> <!-- testCases.TC004_ProfileUpdateTest -->
