<?xml version="1.0" encoding="UTF-8"?>
<!-- Generated by org.testng.reporters.JUnitReportReporter -->
<testsuite hostname="KSPL-001" failures="0" tests="1" name="testCases.TC003_CreateUserTest" time="23.511" errors="0" timestamp="2025-02-24T11:09:31 IST" skipped="0">
  <testcase classname="testCases.TC003_CreateUserTest" name="verify_userCreation" time="23.511"/>
</testsuite> <!-- testCases.TC003_CreateUserTest -->
