<?xml version="1.0" encoding="UTF-8"?>
<!-- Generated by org.testng.reporters.JUnitReportReporter -->
<testsuite hostname="KSPL-001" failures="0" tests="1" name="testCases.TC006_PublicHolidayUpdateTest" time="20.089" errors="0" timestamp="2025-03-04T15:29:24 IST" skipped="0">
  <testcase classname="testCases.TC006_PublicHolidayUpdateTest" name="verify_publicHolidayUpdate" time="20.089"/>
</testsuite> <!-- testCases.TC006_PublicHolidayUpdateTest -->
